# JRE version: OpenJDK Runtime Environment (21.0.2+13) (build 21.0.2+13-58)
# Java VM: OpenJDK 64-Bit Server VM (21.0.2+13-58, mixed mode, sharing, tiered, compressed oops, compressed class ptrs, g1 gc, windows-amd64)
GC Precious Log:
 CardTable entry size: 512
 Card Set container configuration: InlinePtr #cards 5 size 8 Array Of Cards #cards 12 size 40 Howl #buckets 4 coarsen threshold 1843 Howl Bitmap #cards 512 size 80 coarsen threshold 460 Card regions per heap region 1 cards per card region 2048
 CPUs: 12 total, 12 available
 Memory: 16194M
 Large Page Support: Disabled
 NUMA Support: Disabled
 Compressed Oops: Enabled (32-bit)
 Heap Region Size: 1M
 Heap Min Capacity: 256M
 Heap Initial Capacity: 256M
 Heap Max Capacity: 512M
 Pre-touch: Disabled
 Parallel Workers: 10
 Concurrent Workers: 3
 Concurrent Refinement Workers: 10
 Periodic GC: Disabled
Heap:
 garbage-first heap   total 262144K, used 89689K [0x00000000e0000000, 0x0000000100000000)
  region size 1024K, 41 young (41984K), 9 survivors (9216K)
 Metaspace       used 58977K, committed 63232K, reserved 393216K
  class space    used 7877K, committed 9472K, reserved 327680K
GC Heap History (20 events):
Event: 45.566 GC heap before
{Heap before GC invocations=11 (full 0):
 garbage-first heap   total 262144K, used 206254K [0x00000000e0000000, 0x0000000100000000)
  region size 1024K, 153 young (156672K), 10 survivors (10240K)
 Metaspace       used 59019K, committed 61056K, reserved 393216K
  class space    used 8234K, committed 9216K, reserved 327680K
}
Event: 45.571 GC heap after
{Heap after GC invocations=12 (full 0):
 garbage-first heap   total 262144K, used 62334K [0x00000000e0000000, 0x0000000100000000)
  region size 1024K, 11 young (11264K), 11 survivors (11264K)
 Metaspace       used 59019K, committed 61056K, reserved 393216K
  class space    used 8234K, committed 9216K, reserved 327680K
}
Event: 65.309 GC heap before
{Heap before GC invocations=12 (full 0):
 garbage-first heap   total 262144K, used 206718K [0x00000000e0000000, 0x0000000100000000)
  region size 1024K, 153 young (156672K), 11 survivors (11264K)
 Metaspace       used 59480K, committed 61504K, reserved 393216K
  class space    used 8240K, committed 9216K, reserved 327680K
}
Event: 65.312 GC heap after
{Heap after GC invocations=13 (full 0):
 garbage-first heap   total 262144K, used 56616K [0x00000000e0000000, 0x0000000100000000)
  region size 1024K, 4 young (4096K), 4 survivors (4096K)
 Metaspace       used 59480K, committed 61504K, reserved 393216K
  class space    used 8240K, committed 9216K, reserved 327680K
}
Event: 65.525 GC heap before
{Heap before GC invocations=13 (full 0):
 garbage-first heap   total 262144K, used 97576K [0x00000000e0000000, 0x0000000100000000)
  region size 1024K, 46 young (47104K), 4 survivors (4096K)
 Metaspace       used 59597K, committed 61568K, reserved 393216K
  class space    used 8240K, committed 9216K, reserved 327680K
}
Event: 65.528 GC heap after
{Heap after GC invocations=14 (full 0):
 garbage-first heap   total 262144K, used 58683K [0x00000000e0000000, 0x0000000100000000)
  region size 1024K, 6 young (6144K), 6 survivors (6144K)
 Metaspace       used 59597K, committed 61568K, reserved 393216K
  class space    used 8240K, committed 9216K, reserved 327680K
}
Event: 93.801 GC heap before
{Heap before GC invocations=15 (full 0):
 garbage-first heap   total 262144K, used 208187K [0x00000000e0000000, 0x0000000100000000)
  region size 1024K, 153 young (156672K), 6 survivors (6144K)
 Metaspace       used 59718K, committed 61696K, reserved 393216K
  class space    used 8241K, committed 9216K, reserved 327680K
}
Event: 93.805 GC heap after
{Heap after GC invocations=16 (full 0):
 garbage-first heap   total 262144K, used 61863K [0x00000000e0000000, 0x0000000100000000)
  region size 1024K, 10 young (10240K), 10 survivors (10240K)
 Metaspace       used 59718K, committed 61696K, reserved 393216K
  class space    used 8241K, committed 9216K, reserved 327680K
}
Event: 209.032 GC heap before
{Heap before GC invocations=16 (full 0):
 garbage-first heap   total 262144K, used 207271K [0x00000000e0000000, 0x0000000100000000)
  region size 1024K, 153 young (156672K), 10 survivors (10240K)
 Metaspace       used 60620K, committed 62784K, reserved 393216K
  class space    used 8381K, committed 9472K, reserved 327680K
}
Event: 209.034 GC heap after
{Heap after GC invocations=17 (full 0):
 garbage-first heap   total 262144K, used 52317K [0x00000000e0000000, 0x0000000100000000)
  region size 1024K, 2 young (2048K), 2 survivors (2048K)
 Metaspace       used 60620K, committed 62784K, reserved 393216K
  class space    used 8381K, committed 9472K, reserved 327680K
}
Event: 327.364 GC heap before
{Heap before GC invocations=17 (full 0):
 garbage-first heap   total 262144K, used 205917K [0x00000000e0000000, 0x0000000100000000)
  region size 1024K, 153 young (156672K), 2 survivors (2048K)
 Metaspace       used 60805K, committed 62848K, reserved 393216K
  class space    used 8385K, committed 9472K, reserved 327680K
}
Event: 327.367 GC heap after
{Heap after GC invocations=18 (full 0):
 garbage-first heap   total 262144K, used 55595K [0x00000000e0000000, 0x0000000100000000)
  region size 1024K, 5 young (5120K), 5 survivors (5120K)
 Metaspace       used 60805K, committed 62848K, reserved 393216K
  class space    used 8385K, committed 9472K, reserved 327680K
}
Event: 351.207 GC heap before
{Heap before GC invocations=18 (full 0):
 garbage-first heap   total 262144K, used 206123K [0x00000000e0000000, 0x0000000100000000)
  region size 1024K, 153 young (156672K), 5 survivors (5120K)
 Metaspace       used 60880K, committed 62976K, reserved 393216K
  class space    used 8390K, committed 9472K, reserved 327680K
}
Event: 351.210 GC heap after
{Heap after GC invocations=19 (full 0):
 garbage-first heap   total 262144K, used 59361K [0x00000000e0000000, 0x0000000100000000)
  region size 1024K, 9 young (9216K), 9 survivors (9216K)
 Metaspace       used 60880K, committed 62976K, reserved 393216K
  class space    used 8390K, committed 9472K, reserved 327680K
}
Event: 444.880 GC heap before
{Heap before GC invocations=20 (full 0):
 garbage-first heap   total 262144K, used 205793K [0x00000000e0000000, 0x0000000100000000)
  region size 1024K, 153 young (156672K), 9 survivors (9216K)
 Metaspace       used 60984K, committed 63104K, reserved 393216K
  class space    used 8391K, committed 9472K, reserved 327680K
}
Event: 444.886 GC heap after
{Heap after GC invocations=21 (full 0):
 garbage-first heap   total 262144K, used 51811K [0x00000000e0000000, 0x0000000100000000)
  region size 1024K, 2 young (2048K), 2 survivors (2048K)
 Metaspace       used 60984K, committed 63104K, reserved 393216K
  class space    used 8391K, committed 9472K, reserved 327680K
}
Event: 515.895 GC heap before
{Heap before GC invocations=21 (full 0):
 garbage-first heap   total 262144K, used 205411K [0x00000000e0000000, 0x0000000100000000)
  region size 1024K, 153 young (156672K), 2 survivors (2048K)
 Metaspace       used 61131K, committed 63232K, reserved 393216K
  class space    used 8395K, committed 9472K, reserved 327680K
}
Event: 515.900 GC heap after
{Heap after GC invocations=22 (full 0):
 garbage-first heap   total 262144K, used 54383K [0x00000000e0000000, 0x0000000100000000)
  region size 1024K, 6 young (6144K), 6 survivors (6144K)
 Metaspace       used 61131K, committed 63232K, reserved 393216K
  class space    used 8395K, committed 9472K, reserved 327680K
}
Event: 568.614 GC heap before
{Heap before GC invocations=22 (full 0):
 garbage-first heap   total 262144K, used 203887K [0x00000000e0000000, 0x0000000100000000)
  region size 1024K, 153 young (156672K), 6 survivors (6144K)
 Metaspace       used 61183K, committed 63232K, reserved 393216K
  class space    used 8395K, committed 9472K, reserved 327680K
}
Event: 568.619 GC heap after
{Heap after GC invocations=23 (full 0):
 garbage-first heap   total 262144K, used 57945K [0x00000000e0000000, 0x0000000100000000)
  region size 1024K, 9 young (9216K), 9 survivors (9216K)
 Metaspace       used 61183K, committed 63232K, reserved 393216K
  class space    used 8395K, committed 9472K, reserved 327680K
}

